<?xml version="1.0" encoding="UTF-8"?>
<!-- Generated by org.testng.reporters.JUnitReportReporter -->
<testsuite skipped="0" hostname="DESKTOP-9QJ3JL7" name="com.alertshandlig.Alerts" tests="1" failures="0" timestamp="08 May 2020 11:03:16 GMT" time="26.515" errors="0">
  <testcase name="actOnAlert" time="26.515" classname="com.alertshandlig.Alerts"/>
</testsuite> <!-- com.alertshandlig.Alerts -->
