<?xml version="1.0" encoding="UTF-8"?>
<!-- Generated by org.testng.reporters.JUnitReportReporter -->
<testsuite skipped="1" hostname="DESKTOP-9QJ3JL7" name="com.spicejet.LoginPage" tests="3" failures="0" timestamp="02 May 2020 15:33:19 GMT" time="31.064" errors="0">
  <testcase name="holidays" time="14.371" classname="com.spicejet.LoginPage"/>
  <testcase name="flight_status" time="16.693" classname="com.spicejet.LoginPage"/>
  <testcase name="hotels" classname="com.spicejet.LoginPage">
    <skipped/>
  </testcase> <!-- hotels -->
</testsuite> <!-- com.spicejet.LoginPage -->
