<?xml version="1.0" encoding="UTF-8"?>
<!-- Generated by org.testng.reporters.JUnitReportReporter -->
<testsuite skipped="5" hostname="DESKTOP-9QJ3JL7" name="com.mouseactions.MouseActions" tests="6" failures="0" timestamp="08 May 2020 09:50:09 GMT" time="18.555" errors="0">
  <testcase name="dragAndDrop" time="18.555" classname="com.mouseactions.MouseActions"/>
  <testcase name="scrollDown" classname="com.mouseactions.MouseActions">
    <skipped/>
  </testcase> <!-- scrollDown -->
  <testcase name="rightClick" classname="com.mouseactions.MouseActions">
    <skipped/>
  </testcase> <!-- rightClick -->
  <testcase name="slider" classname="com.mouseactions.MouseActions">
    <skipped/>
  </testcase> <!-- slider -->
  <testcase name="resizeMethod" classname="com.mouseactions.MouseActions">
    <skipped/>
  </testcase> <!-- resizeMethod -->
  <testcase name="autoSuggestion" classname="com.mouseactions.MouseActions">
    <skipped/>
  </testcase> <!-- autoSuggestion -->
</testsuite> <!-- com.mouseactions.MouseActions -->
