<?xml version="1.0" encoding="UTF-8"?>
<!-- Generated by org.testng.reporters.JUnitReportReporter -->
<testsuite skipped="0" hostname="DESKTOP-9QJ3JL7" name="com.alertshandlig.Alerts" tests="1" failures="0" timestamp="09 May 2020 11:18:50 GMT" time="23.009" errors="0">
  <testcase name="actOnWindowAlert" time="23.009" classname="com.alertshandlig.Alerts"/>
</testsuite> <!-- com.alertshandlig.Alerts -->
