<?xml version="1.0" encoding="UTF-8"?>
<!-- Generated by org.testng.reporters.JUnitReportReporter -->
<testsuite skipped="1" hostname="DESKTOP-9QJ3JL7" name="com.amazon.AmazonWeb.AmazonHomePage" tests="2" failures="0" timestamp="29 Apr 2020 11:53:05 GMT" time="43.143" errors="0">
  <testcase name="registerCustomer" time="43.143" classname="com.amazon.AmazonWeb.AmazonHomePage"/>
  <testcase name="f" classname="com.amazon.AmazonWeb.AmazonHomePage">
    <skipped/>
  </testcase> <!-- f -->
</testsuite> <!-- com.amazon.AmazonWeb.AmazonHomePage -->
