<?xml version="1.0" encoding="UTF-8"?>
<!-- Generated by org.testng.reporters.JUnitReportReporter -->
<testsuite skipped="0" hostname="DESKTOP-9QJ3JL7" name="com.alertshandlig.FileUpload" tests="1" failures="0" timestamp="08 May 2020 14:05:13 GMT" time="23.671" errors="0">
  <testcase name="fileUpload" time="23.671" classname="com.alertshandlig.FileUpload"/>
</testsuite> <!-- com.alertshandlig.FileUpload -->
