<?xml version="1.0" encoding="UTF-8"?>
<!-- Generated by org.testng.reporters.JUnitReportReporter -->
<testsuite skipped="0" hostname="DESKTOP-9QJ3JL7" name="com.spicejet.HomePage" tests="3" failures="0" timestamp="02 May 2020 15:33:19 GMT" time="45.289" errors="0">
  <testcase name="verify_login_link" time="15.327" classname="com.spicejet.HomePage"/>
  <testcase name="get_url" time="13.553" classname="com.spicejet.HomePage"/>
  <testcase name="get_headers" time="16.409" classname="com.spicejet.HomePage"/>
</testsuite> <!-- com.spicejet.HomePage -->
