<?xml version="1.0" encoding="UTF-8"?>
<!-- Generated by org.testng.reporters.JUnitReportReporter -->
<testsuite skipped="0" hostname="DESKTOP-9QJ3JL7" name="com.freecrm.pages.CrmTestCases" tests="1" failures="0" timestamp="05 May 2020 10:14:09 GMT" time="53.648" errors="0">
  <testcase name="f" time="53.648" classname="com.freecrm.pages.CrmTestCases"/>
</testsuite> <!-- com.freecrm.pages.CrmTestCases -->
